p/photo_6055385012817212773_y.jpg 1 0 0 653 917
p/photo_6055385012817212772_y.jpg 1 0 0 927 865
p/photo_6055385012817212771_y.jpg 1 0 0 537 799
p/photo_6055385012817212770_y.jpg 1 0 0 673 913
p/photo_6055385012817212769_y.jpg 1 0 0 755 929
p/photo_6055385012817212768_y.jpg 1 0 0 781 935
p/photo_6055385012817212767_y.jpg 1 0 0 655 885
p/photo_6055385012817212766_y.jpg 1 0 0 960 1079
p/photo_6055385012817212765_y.jpg 1 0 0 739 865
p/photo_6055385012817212764_y.jpg 1 0 0 739 961
p/photo_6055385012817212763_y.jpg 1 0 0 681 971
p/photo_6055385012817212762_y.jpg 1 0 0 655 993
p/photo_6055385012817212761_y.jpg 1 0 0 789 653
p/photo_6055385012817212760_y.jpg 1 0 0 833 793
p/photo_6055385012817212759_y.jpg 1 0 0 961 765
p/photo_6055385012817212758_y.jpg 1 0 0 958 699
p/photo_6055385012817212757_y.jpg 1 0 0 685 859
p/photo_6055385012817212756_y.jpg 1 0 0 663 1085
p/photo_6055385012817212755_y.jpg 1 0 0 647 839
p/photo_6055385012817212754_y.jpg 1 0 0 603 893
p/photo_6055385012817212753_y.jpg 1 0 0 467 805
p/photo_6055385012817212752_y.jpg 1 0 0 477 691
p/photo_6055385012817212751_y.jpg 1 0 0 497 855
p/photo_6055385012817212750_y.jpg 1 0 0 787 799
p/photo_6055385012817212749_y.jpg 1 0 0 735 765
p/photo_6055385012817212748_y.jpg 1 0 0 759 915
p/photo_6055385012817212747_y.jpg 1 0 0 715 911
p/photo_6055385012817212746_y.jpg 1 0 0 629 917
p/photo_6055385012817212745_y.jpg 1 0 0 635 1089
p/photo_6055385012817212744_y.jpg 1 0 0 569 1025
p/photo_6055385012817212743_y.jpg 1 0 0 653 1061
p/photo_6055385012817212742_y.jpg 1 0 0 613 1037
p/photo_6055385012817212741_y.jpg 1 0 0 443 685
p/photo_6055385012817212740_y.jpg 1 0 0 555 829
p/photo_6055385012817212739_y.jpg 1 0 0 705 669
p/photo_6055385012817212738_y.jpg 1 0 0 615 867
p/roger-dodger-magenta-1545149164.jpg 1 0 0 2250 1375
p/g82d9xzapxm31.jpg 1 0 0 6528 4896
p/a8740c67-5979-4295-97f0-9060646cb610.jpg 1 0 0 300 300
p/1681550769005.png 1 0 0 860 458
p/162-1626861_hot-wheels-muscle-cars-2019-hd-png-download.png 1 0 0 860 458
p/1681550769022.jpg 1 0 0 500 345
p/htw-veichles-power-rocket-thumbnail-2x.png 1 0 0 540 326
p/250.jpg 1 0 0 250 187
p/png-clipart-red-hot-wheels-illustration-hot-wheels-car-hot-wheels-free-game-racing-thumbnail.png 1 0 0 348 213
p/81KOZz9GNPL.jpg 1 0 0 2560 1487
p/e909e888-db19-4726-bb08-21888c77956f.64668bfa64ee091742126c9018601a90.jpeg 1 0 0 1944 1000
p/1681550769016.jpg 1 0 0 1056 772
p/il_fullxfull.4108869316_gosa.jpg 1 0 0 640 480
p/284.jpg 1 0 0 284 134
p/1681550769015.jpg 1 0 0 1600 982
p/Star-Wars-Hot-Wheels-Character-Car-Mix-2-Vehicles-Darth-Vader.jpg 1 0 0 720 540
p/CircleTracker_RaceKit_Red.jpg 1 0 0 1024 476
p/1681550769013.jpg 1 0 0 1600 747
p/1681550769008.jpg 1 0 0 3136 1684
p/GT-Racer-h.jpg 1 0 0 2123 828
p/hot-wheels-cars-moves-batman-power-pistons.jpg 1 0 0 500 500
p/f91a3556-eca5-4b24-91e9-af3f6d7c099b_1.190da189d1d65a4a74ee1f4767a67a50.jpeg 1 0 0 2000 2000
p/1681550769012.jpg 1 0 0 1599 899
p/hot-wheels-car-500x500.jpg 1 0 0 500 500
p/1681550769021.jpg 1 0 0 500 250
p/1681550769020.jpg 1 0 0 500 333
p/latest.jpg 1 0 0 2699 1864
p/1681550769010.jpg 1 0 0 1200 1600
p/s-l1600.jpg 1 0 0 1600 1200
p/m51840103165_1.jpg 1 0 0 3840 3317
p/24-Ours-g.jpg 1 0 0 900 365
p/il_NxN.571325855_el03.jpg 1 0 0 500 298
p/4d240616-adee-4d96-81a7-0eca606605ef.jpg 1 0 0 300 300
p/HotwheelsHP.jpg 1 0 0 929 522
p/1681550769018.jpg 1 0 0 500 407
p/hot-wheels-9-pack-HOTWHEELS9PK-camaro.jpg 1 0 0 1300 928
p/onyx_not_hot_wheels_toyota_gt__1626500039_dd8de236_progressive.jpg 1 0 0 1080 810
p/onyx_not_hot_wheels_1998_toyot_1626519249_0ebda4df_progressive.jpg 1 0 0 809 1080
p/286079-hot-wheels-single.jpg 1 0 0 800 800
p/2010-24-ours-hot-wheels-diecast-toy-car.jpg 1 0 0 1024 680
p/best-hotwheels.jpg 1 0 0 1200 630
p/m61188873846_1.jpg 1 0 0 720 540
p/24-Ours-c.jpg 1 0 0 872 307
p/640px-Hot_Wheels_Modellauto.jpg 1 0 0 640 385
p/s-l500.jpg 1 0 0 500 500
p/photo_6178986814317114685_y.jpg 1 0 0 1280 1124
p/photo_6178986814317114684_y.jpg 1 0 0 1172 1280
p/photo_6178986814317114683_y.jpg 1 0 0 977 1280
p/photo_6178986814317114682_y.jpg 1 0 0 960 1280
p/photo_6178986814317114681_y.jpg 1 0 0 1058 1280
p/photo_6178986814317114680_y.jpg 1 0 0 871 1280
p/photo_6178986814317114679_y.jpg 1 0 0 1224 1280
p/photo_6178986814317114678_y.jpg 1 0 0 1280 1146
p/photo_6178986814317114677_y.jpg 1 0 0 1280 1095
p/photo_6178986814317114676_y.jpg 1 0 0 996 1280
p/photo_6178986814317114675_y.jpg 1 0 0 1127 1280
p/photo_6178986814317114674_y.jpg 1 0 0 1023 1280
p/photo_6178986814317114673_y.jpg 1 0 0 966 1280
p/photo_6178986814317114672_y.jpg 1 0 0 1221 1280
p/photo_6178986814317114671_y.jpg 1 0 0 1280 1261
p/photo_6178986814317114670_y.jpg 1 0 0 841 1280
p/photo_6178986814317114669_y.jpg 1 0 0 979 1280
p/photo_6178986814317114668_y.jpg 1 0 0 1010 1280
p/photo_6178986814317114667_y.jpg 1 0 0 804 1280
p/photo_6178986814317114666_y.jpg 1 0 0 1093 1280
p/photo_6178986814317114665_y.jpg 1 0 0 1280 1253
p/photo_6178986814317114664_y.jpg 1 0 0 1146 1280
p/photo_6178986814317114663_y.jpg 1 0 0 1280 1051
p/photo_6178986814317114662_y.jpg 1 0 0 1280 931
p/photo_6178986814317114661_y.jpg 1 0 0 1026 1280
p/photo_6178986814317114660_y.jpg 1 0 0 745 1280
p/photo_6178986814317114659_y.jpg 1 0 0 860 1280
p/photo_6178986814317114658_y.jpg 1 0 0 1280 1269
p/photo_6178986814317114657_y.jpg 1 0 0 1012 1280
p/photo_6178986814317114651_y.jpg 1 0 0 1280 937
p/photo_6178986814317114656_y.jpg 1 0 0 1108 1280
p/photo_6178986814317114655_y.jpg 1 0 0 1010 1280
p/photo_6178986814317114654_y.jpg 1 0 0 1057 1280
p/photo_6178986814317114653_y.jpg 1 0 0 966 1280
p/photo_6178986814317114652_y.jpg 1 0 0 1280 874
p/photo_6178986814317114650_y.jpg 1 0 0 1129 1280
p/photo_6178986814317114649_y.jpg 1 0 0 1051 1280